p/fire.448.png 1 0 0 800 600
p/fire.447.png 1 0 0 1280 720
p/fire.446.png 1 0 0 1183 620
p/fire.445.png 1 0 0 968 681
p/fire.444.png 1 0 0 2000 1335
p/fire.443.png 1 0 0 900 599
p/fire.442.png 1 0 0 480 320
p/fire.441.png 1 0 0 4344 2896
p/fire.440.png 1 0 0 922 512
p/fire.439.png 1 0 0 780 438
p/fire.438.png 1 0 0 3000 2024
p/fire.437.png 1 0 0 1355 1000
p/fire.436.png 1 0 0 750 500
p/fire.435.png 1 0 0 1100 619
p/fire.434.png 1 0 0 5760 3840
p/fire.433.png 1 0 0 800 600
p/fire.432.png 1 0 0 720 405
p/fire.431.png 1 0 0 1920 1280
p/fire.430.png 1 0 0 1500 983
p/fire.429.png 1 0 0 1180 842
p/fire.428.png 1 0 0 1365 1138
p/fire.427.png 1 0 0 3500 2334
p/fire.426.png 1 0 0 1000 562
p/fire.425.png 1 0 0 968 681
p/fire.424.png 1 0 0 1280 720
p/fire.423.png 1 0 0 1100 619
p/fire.422.png 1 0 0 660 440
p/fire.421.png 1 0 0 2400 1603
p/fire.420.png 1 0 0 2931 2198
p/fire.419.png 1 0 0 2400 1600
p/fire.418.png 1 0 0 1920 1080
p/fire.417.png 1 0 0 1100 619
p/fire.416.png 1 0 0 5737 3824
p/fire.415.png 1 0 0 1200 630
p/fire.414.png 1 0 0 760 507
p/fire.413.png 1 0 0 720 405
p/fire.412.png 1 0 0 945 629
p/fire.411.png 1 0 0 800 533
p/fire.410.png 1 0 0 800 533
p/fire.409.png 1 0 0 1023 575
p/fire.408.png 1 0 0 640 427
p/fire.407.png 1 0 0 740 380
p/fire.406.png 1 0 0 860 460
p/fire.405.png 1 0 0 5568 3712
p/fire.404.png 1 0 0 3600 1755
p/fire.403.png 1 0 0 1200 900
p/fire.402.png 1 0 0 3500 2334
p/fire.401.png 1 0 0 750 415
p/fire.400.png 1 0 0 1280 640
p/fire.399.png 1 0 0 968 681
p/fire.398.png 1 0 0 720 480
p/fire.397.png 1 0 0 1200 676
p/fire.396.png 1 0 0 660 440
p/fire.395.png 1 0 0 754 503
p/fire.394.png 1 0 0 750 500
p/fire.393.png 1 0 0 6720 4480
p/fire.392.png 1 0 0 890 501
p/fire.391.png 1 0 0 760 380
p/fire.390.png 1 0 0 1050 700
p/fire.389.png 1 0 0 970 697
p/fire.388.png 1 0 0 1200 806
p/fire.387.png 1 0 0 750 375
p/fire.386.png 1 0 0 736 526
p/fire.385.png 1 0 0 924 592
p/fire.384.png 1 0 0 960 540
p/fire.383.png 1 0 0 985 554
p/fire.382.png 1 0 0 620 392
p/fire.381.png 1 0 0 2048 1242
p/fire.380.png 1 0 0 1240 930
p/fire.379.png 1 0 0 1500 1000
p/fire.378.png 1 0 0 901 600
p/fire.377.png 1 0 0 962 480
p/fire.376.png 1 0 0 720 405
p/fire.375.png 1 0 0 750 500
p/fire.374.png 1 0 0 660 371
p/fire.373.png 1 0 0 1100 619
p/fire.372.png 1 0 0 800 600
p/fire.371.png 1 0 0 768 512
p/fire.370.png 1 0 0 715 386
p/fire.369.png 1 0 0 2500 1875
p/fire.368.png 1 0 0 1280 720
p/fire.367.png 1 0 0 650 375
p/fire.366.png 1 0 0 650 375
p/fire.365.png 1 0 0 900 600
p/fire.364.png 1 0 0 400 400
p/fire.363.png 1 0 0 600 400
p/fire.362.png 1 0 0 1400 788
p/fire.361.png 1 0 0 1920 1280
p/fire.360.png 1 0 0 720 480
p/fire.359.png 1 0 0 1500 843
p/fire.358.png 1 0 0 920 594
p/fire.357.png 1 0 0 4348 2899
p/fire.356.png 1 0 0 1000 666
p/fire.355.png 1 0 0 1400 788
p/fire.354.png 1 0 0 560 315
p/fire.353.png 1 0 0 670 379
p/fire.352.png 1 0 0 976 549
p/fire.351.png 1 0 0 810 455
p/fire.350.png 1 0 0 1000 657
p/fire.349.png 1 0 0 3866 2426